<?xml version="1.0" encoding="UTF-8"?>
<coverage generated="1497571499647" clover="3.2.0">
  <project timestamp="1497571499648" name="All files">
    <metrics statements="12" coveredstatements="9" conditionals="0" coveredconditionals="0" methods="11" coveredmethods="8" elements="23" coveredelements="17" complexity="0" loc="12" ncloc="12" packages="1" files="7" classes="7">
      <file name="App.js" path="/Users/matthewcarter/dev/rubbyduck/src/Components/App.js">
        <metrics statements="1" coveredstatements="1" conditionals="0" coveredconditionals="0" methods="1" coveredmethods="1"/>
        <line num="9" count="2" type="stmt"/>
      </file>
      <file name="EmailInput.js" path="/Users/matthewcarter/dev/rubbyduck/src/Components/EmailInput.js">
        <metrics statements="1" coveredstatements="1" conditionals="0" coveredconditionals="0" methods="1" coveredmethods="1"/>
        <line num="5" count="2" type="stmt"/>
      </file>
      <file name="Footer.js" path="/Users/matthewcarter/dev/rubbyduck/src/Components/Footer.js">
        <metrics statements="1" coveredstatements="1" conditionals="0" coveredconditionals="0" methods="1" coveredmethods="1"/>
        <line num="5" count="2" type="stmt"/>
      </file>
      <file name="Header.js" path="/Users/matthewcarter/dev/rubbyduck/src/Components/Header.js">
        <metrics statements="1" coveredstatements="1" conditionals="0" coveredconditionals="0" methods="1" coveredmethods="1"/>
        <line num="5" count="2" type="stmt"/>
      </file>
      <file name="Main.js" path="/Users/matthewcarter/dev/rubbyduck/src/Components/Main.js">
        <metrics statements="1" coveredstatements="1" conditionals="0" coveredconditionals="0" methods="1" coveredmethods="1"/>
        <line num="6" count="2" type="stmt"/>
      </file>
      <file name="SubmitButton.js" path="/Users/matthewcarter/dev/rubbyduck/src/Components/SubmitButton.js">
        <metrics statements="1" coveredstatements="1" conditionals="0" coveredconditionals="0" methods="1" coveredmethods="1"/>
        <line num="5" count="2" type="stmt"/>
      </file>
      <file name="Subscribe.js" path="/Users/matthewcarter/dev/rubbyduck/src/Components/Subscribe.js">
        <metrics statements="6" coveredstatements="3" conditionals="0" coveredconditionals="0" methods="5" coveredmethods="2"/>
        <line num="7" count="2" type="stmt"/>
        <line num="8" count="2" type="stmt"/>
        <line num="13" count="0" type="stmt"/>
        <line num="16" count="0" type="stmt"/>
        <line num="19" count="2" type="stmt"/>
        <line num="24" count="0" type="stmt"/>
      </file>
    </metrics>
  </project>
</coverage>
