{"/Users/matthewcarter/dev/rubbyduck/src/Components/App.js": {"path":"/Users/matthewcarter/dev/rubbyduck/src/Components/App.js","statementMap":{"0":{"start":{"line":9,"column":4},"end":{"line":15,"column":5}}},"fnMap":{"0":{"name":"(anonymous_0)","decl":{"start":{"line":8,"column":2},"end":{"line":8,"column":3}},"loc":{"start":{"line":8,"column":11},"end":{"line":16,"column":3}},"line":8}},"branchMap":{},"s":{"0":2},"f":{"0":2},"b":{},"_coverageSchema":"332fd63041d2c1bcb487cc26dd0d5f7d97098a6c","hash":"9de2f89d67dd484c243e40d639a55474d8faa872"}
,"/Users/matthewcarter/dev/rubbyduck/src/Components/EmailInput.js": {"path":"/Users/matthewcarter/dev/rubbyduck/src/Components/EmailInput.js","statementMap":{"0":{"start":{"line":5,"column":4},"end":{"line":12,"column":5}}},"fnMap":{"0":{"name":"(anonymous_0)","decl":{"start":{"line":4,"column":2},"end":{"line":4,"column":3}},"loc":{"start":{"line":4,"column":11},"end":{"line":13,"column":3}},"line":4}},"branchMap":{},"s":{"0":2},"f":{"0":2},"b":{},"_coverageSchema":"332fd63041d2c1bcb487cc26dd0d5f7d97098a6c","hash":"d51c9a0e6c528a6734383e2505354927c9ce1a41"}
,"/Users/matthewcarter/dev/rubbyduck/src/Components/Footer.js": {"path":"/Users/matthewcarter/dev/rubbyduck/src/Components/Footer.js","statementMap":{"0":{"start":{"line":5,"column":4},"end":{"line":9,"column":5}}},"fnMap":{"0":{"name":"(anonymous_0)","decl":{"start":{"line":4,"column":2},"end":{"line":4,"column":3}},"loc":{"start":{"line":4,"column":11},"end":{"line":10,"column":3}},"line":4}},"branchMap":{},"s":{"0":2},"f":{"0":2},"b":{},"_coverageSchema":"332fd63041d2c1bcb487cc26dd0d5f7d97098a6c","hash":"b56323c2457ede8747ad8dbf5f4cf66ecaba4013"}
,"/Users/matthewcarter/dev/rubbyduck/src/Components/Header.js": {"path":"/Users/matthewcarter/dev/rubbyduck/src/Components/Header.js","statementMap":{"0":{"start":{"line":5,"column":4},"end":{"line":9,"column":5}}},"fnMap":{"0":{"name":"(anonymous_0)","decl":{"start":{"line":4,"column":2},"end":{"line":4,"column":3}},"loc":{"start":{"line":4,"column":11},"end":{"line":10,"column":3}},"line":4}},"branchMap":{},"s":{"0":2},"f":{"0":2},"b":{},"_coverageSchema":"332fd63041d2c1bcb487cc26dd0d5f7d97098a6c","hash":"067130a158ded3aaa00c6038352d425b11ebb716"}
,"/Users/matthewcarter/dev/rubbyduck/src/Components/Main.js": {"path":"/Users/matthewcarter/dev/rubbyduck/src/Components/Main.js","statementMap":{"0":{"start":{"line":6,"column":4},"end":{"line":10,"column":5}}},"fnMap":{"0":{"name":"(anonymous_0)","decl":{"start":{"line":5,"column":2},"end":{"line":5,"column":3}},"loc":{"start":{"line":5,"column":11},"end":{"line":11,"column":3}},"line":5}},"branchMap":{},"s":{"0":2},"f":{"0":2},"b":{},"_coverageSchema":"332fd63041d2c1bcb487cc26dd0d5f7d97098a6c","hash":"1c5f5e1a05afb700adab03f00921d582a52d8c71"}
}
